{"/home/dan/stuff/rolex/lib/rolex.js":{"path":"/home/dan/stuff/rolex/lib/rolex.js","s":{"1":1,"2":1,"3":42,"4":42,"5":51,"6":42,"7":3,"8":4,"9":3,"10":1,"11":1,"12":79,"13":39,"14":40,"15":23,"16":23,"17":40,"18":40,"19":40,"20":40,"21":40,"22":40,"23":40,"24":40,"25":40,"26":1,"27":90,"28":6,"29":6,"30":6,"31":6,"32":6,"33":6,"34":3,"35":3,"36":3,"37":43,"38":302,"39":302,"40":59,"41":1,"42":135,"43":135,"44":20,"45":20,"46":20,"47":135,"48":135,"49":1,"50":134,"51":64,"52":64,"53":63,"54":14,"55":119,"56":119,"57":22,"58":22,"59":20,"60":22,"61":22,"62":188,"63":183,"64":77,"65":9,"66":311,"67":408,"68":241,"69":1,"70":5,"71":1040,"72":1040,"73":787,"74":253,"75":250,"76":1,"77":1},"b":{"1":[42,13],"2":[3,1],"3":[0,1],"4":[39,40],"5":[23,17],"6":[15,25],"7":[26,17],"8":[43,35],"9":[302,60],"10":[41,261],"11":[106,155],"12":[261,110],"13":[20,115],"14":[1,134],"15":[64,70],"16":[14,49],"17":[63,61],"18":[20,2],"19":[183,5],"20":[40,143],"21":[77,77],"22":[8,1],"23":[787,253]},"f":{"1":42,"2":42,"3":3,"4":4,"5":79,"6":90,"7":6,"8":6,"9":3,"10":43,"11":302,"12":59,"13":135,"14":22,"15":188,"16":77,"17":9,"18":311,"19":408,"20":241,"21":5,"22":1040},"fnMap":{"1":{"name":"(anonymous_1)","line":6,"loc":{"start":{"line":6,"column":11},"end":{"line":6,"column":26}}},"2":{"name":"(anonymous_2)","line":7,"loc":{"start":{"line":7,"column":40},"end":{"line":7,"column":58}}},"3":{"name":"(anonymous_3)","line":14,"loc":{"start":{"line":14,"column":22},"end":{"line":14,"column":48}}},"4":{"name":"(anonymous_4)","line":17,"loc":{"start":{"line":17,"column":24},"end":{"line":17,"column":45}}},"5":{"name":"Rolex","line":25,"loc":{"start":{"line":25,"column":0},"end":{"line":25,"column":40}}},"6":{"name":"(anonymous_6)","line":56,"loc":{"start":{"line":56,"column":11},"end":{"line":56,"column":26}}},"7":{"name":"(anonymous_7)","line":65,"loc":{"start":{"line":65,"column":14},"end":{"line":65,"column":26}}},"8":{"name":"(anonymous_8)","line":71,"loc":{"start":{"line":71,"column":20},"end":{"line":71,"column":32}}},"9":{"name":"(anonymous_9)","line":75,"loc":{"start":{"line":75,"column":12},"end":{"line":75,"column":24}}},"10":{"name":"(anonymous_10)","line":82,"loc":{"start":{"line":82,"column":17},"end":{"line":82,"column":33}}},"11":{"name":"(anonymous_11)","line":88,"loc":{"start":{"line":88,"column":11},"end":{"line":88,"column":32}}},"12":{"name":"(anonymous_12)","line":95,"loc":{"start":{"line":95,"column":13},"end":{"line":95,"column":28}}},"13":{"name":"(anonymous_13)","line":99,"loc":{"start":{"line":99,"column":9},"end":{"line":99,"column":21}}},"14":{"name":"(anonymous_14)","line":125,"loc":{"start":{"line":125,"column":8},"end":{"line":125,"column":20}}},"15":{"name":"(anonymous_15)","line":133,"loc":{"start":{"line":133,"column":12},"end":{"line":133,"column":25}}},"16":{"name":"(anonymous_16)","line":139,"loc":{"start":{"line":139,"column":14},"end":{"line":139,"column":26}}},"17":{"name":"(anonymous_17)","line":141,"loc":{"start":{"line":141,"column":11},"end":{"line":141,"column":23}}},"18":{"name":"(anonymous_18)","line":143,"loc":{"start":{"line":143,"column":9},"end":{"line":143,"column":21}}},"19":{"name":"(anonymous_19)","line":145,"loc":{"start":{"line":145,"column":9},"end":{"line":145,"column":21}}},"20":{"name":"(anonymous_20)","line":147,"loc":{"start":{"line":147,"column":13},"end":{"line":147,"column":25}}},"21":{"name":"(anonymous_21)","line":150,"loc":{"start":{"line":150,"column":42},"end":{"line":150,"column":58}}},"22":{"name":"(anonymous_22)","line":151,"loc":{"start":{"line":151,"column":26},"end":{"line":151,"column":41}}}},"statementMap":{"1":{"start":{"line":3,"column":0},"end":{"line":3,"column":33}},"2":{"start":{"line":5,"column":0},"end":{"line":23,"column":4}},"3":{"start":{"line":7,"column":4},"end":{"line":11,"column":7}},"4":{"start":{"line":8,"column":6},"end":{"line":10,"column":7}},"5":{"start":{"line":9,"column":8},"end":{"line":9,"column":33}},"6":{"start":{"line":12,"column":4},"end":{"line":12,"column":15}},"7":{"start":{"line":15,"column":4},"end":{"line":15,"column":91}},"8":{"start":{"line":18,"column":4},"end":{"line":22,"column":5}},"9":{"start":{"line":19,"column":6},"end":{"line":19,"column":15}},"10":{"start":{"line":21,"column":6},"end":{"line":21,"column":68}},"11":{"start":{"line":25,"column":0},"end":{"line":53,"column":1}},"12":{"start":{"line":26,"column":2},"end":{"line":28,"column":3}},"13":{"start":{"line":27,"column":4},"end":{"line":27,"column":45}},"14":{"start":{"line":30,"column":2},"end":{"line":33,"column":3}},"15":{"start":{"line":31,"column":4},"end":{"line":31,"column":18}},"16":{"start":{"line":32,"column":4},"end":{"line":32,"column":18}},"17":{"start":{"line":35,"column":2},"end":{"line":40,"column":4}},"18":{"start":{"line":42,"column":2},"end":{"line":42,"column":73}},"19":{"start":{"line":44,"column":2},"end":{"line":44,"column":44}},"20":{"start":{"line":46,"column":2},"end":{"line":46,"column":23}},"21":{"start":{"line":47,"column":2},"end":{"line":47,"column":31}},"22":{"start":{"line":48,"column":2},"end":{"line":48,"column":27}},"23":{"start":{"line":49,"column":2},"end":{"line":49,"column":33}},"24":{"start":{"line":50,"column":2},"end":{"line":50,"column":35}},"25":{"start":{"line":52,"column":2},"end":{"line":52,"column":14}},"26":{"start":{"line":55,"column":0},"end":{"line":96,"column":3}},"27":{"start":{"line":56,"column":28},"end":{"line":56,"column":56}},"28":{"start":{"line":66,"column":4},"end":{"line":66,"column":41}},"29":{"start":{"line":67,"column":4},"end":{"line":67,"column":45}},"30":{"start":{"line":68,"column":4},"end":{"line":68,"column":43}},"31":{"start":{"line":69,"column":4},"end":{"line":69,"column":47}},"32":{"start":{"line":72,"column":4},"end":{"line":72,"column":60}},"33":{"start":{"line":73,"column":4},"end":{"line":73,"column":64}},"34":{"start":{"line":76,"column":4},"end":{"line":76,"column":29}},"35":{"start":{"line":77,"column":4},"end":{"line":77,"column":60}},"36":{"start":{"line":78,"column":4},"end":{"line":78,"column":64}},"37":{"start":{"line":82,"column":35},"end":{"line":82,"column":112}},"38":{"start":{"line":89,"column":4},"end":{"line":91,"column":42}},"39":{"start":{"line":93,"column":4},"end":{"line":93,"column":119}},"40":{"start":{"line":95,"column":30},"end":{"line":95,"column":41}},"41":{"start":{"line":98,"column":0},"end":{"line":148,"column":3}},"42":{"start":{"line":100,"column":4},"end":{"line":103,"column":15}},"43":{"start":{"line":105,"column":4},"end":{"line":109,"column":5}},"44":{"start":{"line":106,"column":6},"end":{"line":106,"column":29}},"45":{"start":{"line":107,"column":6},"end":{"line":107,"column":21}},"46":{"start":{"line":108,"column":6},"end":{"line":108,"column":27}},"47":{"start":{"line":111,"column":4},"end":{"line":111,"column":37}},"48":{"start":{"line":112,"column":4},"end":{"line":112,"column":70}},"49":{"start":{"line":112,"column":33},"end":{"line":112,"column":68}},"50":{"start":{"line":114,"column":4},"end":{"line":118,"column":5}},"51":{"start":{"line":115,"column":6},"end":{"line":115,"column":19}},"52":{"start":{"line":116,"column":6},"end":{"line":116,"column":29}},"53":{"start":{"line":117,"column":6},"end":{"line":117,"column":82}},"54":{"start":{"line":117,"column":61},"end":{"line":117,"column":80}},"55":{"start":{"line":120,"column":4},"end":{"line":120,"column":92}},"56":{"start":{"line":122,"column":4},"end":{"line":122,"column":16}},"57":{"start":{"line":126,"column":4},"end":{"line":126,"column":26}},"58":{"start":{"line":127,"column":4},"end":{"line":127,"column":69}},"59":{"start":{"line":127,"column":31},"end":{"line":127,"column":67}},"60":{"start":{"line":128,"column":4},"end":{"line":128,"column":27}},"61":{"start":{"line":130,"column":4},"end":{"line":130,"column":16}},"62":{"start":{"line":134,"column":4},"end":{"line":136,"column":5}},"63":{"start":{"line":135,"column":6},"end":{"line":135,"column":102}},"64":{"start":{"line":139,"column":28},"end":{"line":139,"column":91}},"65":{"start":{"line":141,"column":25},"end":{"line":141,"column":94}},"66":{"start":{"line":143,"column":23},"end":{"line":143,"column":47}},"67":{"start":{"line":145,"column":23},"end":{"line":145,"column":47}},"68":{"start":{"line":147,"column":27},"end":{"line":147,"column":55}},"69":{"start":{"line":150,"column":0},"end":{"line":160,"column":3}},"70":{"start":{"line":151,"column":2},"end":{"line":159,"column":4}},"71":{"start":{"line":152,"column":4},"end":{"line":152,"column":26}},"72":{"start":{"line":153,"column":4},"end":{"line":158,"column":5}},"73":{"start":{"line":154,"column":8},"end":{"line":154,"column":26}},"74":{"start":{"line":156,"column":6},"end":{"line":156,"column":44}},"75":{"start":{"line":157,"column":6},"end":{"line":157,"column":18}},"76":{"start":{"line":162,"column":0},"end":{"line":162,"column":25}},"77":{"start":{"line":164,"column":0},"end":{"line":164,"column":23}}},"branchMap":{"1":{"line":8,"type":"binary-expr","locations":[{"start":{"line":8,"column":24},"end":{"line":8,"column":30}},{"start":{"line":8,"column":34},"end":{"line":8,"column":36}}]},"2":{"line":18,"type":"if","locations":[{"start":{"line":18,"column":4},"end":{"line":18,"column":4}},{"start":{"line":18,"column":4},"end":{"line":18,"column":4}}]},"3":{"line":21,"type":"cond-expr","locations":[{"start":{"line":21,"column":23},"end":{"line":21,"column":42}},{"start":{"line":21,"column":45},"end":{"line":21,"column":63}}]},"4":{"line":26,"type":"if","locations":[{"start":{"line":26,"column":2},"end":{"line":26,"column":2}},{"start":{"line":26,"column":2},"end":{"line":26,"column":2}}]},"5":{"line":30,"type":"if","locations":[{"start":{"line":30,"column":2},"end":{"line":30,"column":2}},{"start":{"line":30,"column":2},"end":{"line":30,"column":2}}]},"6":{"line":42,"type":"cond-expr","locations":[{"start":{"line":42,"column":40},"end":{"line":42,"column":48}},{"start":{"line":42,"column":51},"end":{"line":42,"column":71}}]},"7":{"line":82,"type":"cond-expr","locations":[{"start":{"line":82,"column":86},"end":{"line":82,"column":90}},{"start":{"line":82,"column":93},"end":{"line":82,"column":111}}]},"8":{"line":82,"type":"binary-expr","locations":[{"start":{"line":82,"column":43},"end":{"line":82,"column":47}},{"start":{"line":82,"column":51},"end":{"line":82,"column":82}}]},"9":{"line":91,"type":"binary-expr","locations":[{"start":{"line":91,"column":13},"end":{"line":91,"column":22}},{"start":{"line":91,"column":26},"end":{"line":91,"column":41}}]},"10":{"line":93,"type":"cond-expr","locations":[{"start":{"line":93,"column":40},"end":{"line":93,"column":49}},{"start":{"line":93,"column":52},"end":{"line":93,"column":118}}]},"11":{"line":93,"type":"cond-expr","locations":[{"start":{"line":93,"column":96},"end":{"line":93,"column":111}},{"start":{"line":93,"column":114},"end":{"line":93,"column":117}}]},"12":{"line":93,"type":"binary-expr","locations":[{"start":{"line":93,"column":57},"end":{"line":93,"column":69}},{"start":{"line":93,"column":73},"end":{"line":93,"column":93}}]},"13":{"line":105,"type":"if","locations":[{"start":{"line":105,"column":4},"end":{"line":105,"column":4}},{"start":{"line":105,"column":4},"end":{"line":105,"column":4}}]},"14":{"line":112,"type":"if","locations":[{"start":{"line":112,"column":4},"end":{"line":112,"column":4}},{"start":{"line":112,"column":4},"end":{"line":112,"column":4}}]},"15":{"line":114,"type":"if","locations":[{"start":{"line":114,"column":4},"end":{"line":114,"column":4}},{"start":{"line":114,"column":4},"end":{"line":114,"column":4}}]},"16":{"line":117,"type":"if","locations":[{"start":{"line":117,"column":6},"end":{"line":117,"column":6}},{"start":{"line":117,"column":6},"end":{"line":117,"column":6}}]},"17":{"line":117,"type":"binary-expr","locations":[{"start":{"line":117,"column":10},"end":{"line":117,"column":36}},{"start":{"line":117,"column":40},"end":{"line":117,"column":57}}]},"18":{"line":127,"type":"if","locations":[{"start":{"line":127,"column":4},"end":{"line":127,"column":4}},{"start":{"line":127,"column":4},"end":{"line":127,"column":4}}]},"19":{"line":134,"type":"if","locations":[{"start":{"line":134,"column":4},"end":{"line":134,"column":4}},{"start":{"line":134,"column":4},"end":{"line":134,"column":4}}]},"20":{"line":135,"type":"cond-expr","locations":[{"start":{"line":135,"column":94},"end":{"line":135,"column":95}},{"start":{"line":135,"column":98},"end":{"line":135,"column":99}}]},"21":{"line":139,"type":"binary-expr","locations":[{"start":{"line":139,"column":35},"end":{"line":139,"column":57}},{"start":{"line":139,"column":61},"end":{"line":139,"column":90}}]},"22":{"line":141,"type":"cond-expr","locations":[{"start":{"line":141,"column":61},"end":{"line":141,"column":89}},{"start":{"line":141,"column":92},"end":{"line":141,"column":93}}]},"23":{"line":153,"type":"if","locations":[{"start":{"line":153,"column":4},"end":{"line":153,"column":4}},{"start":{"line":153,"column":4},"end":{"line":153,"column":4}}]}}}}