TN:
SF:/home/dan/stuff/rolex/lib/rolex.js
FN:6,(anonymous_1)
FN:7,(anonymous_2)
FN:14,(anonymous_3)
FN:17,(anonymous_4)
FN:25,Rolex
FN:56,(anonymous_6)
FN:65,(anonymous_7)
FN:71,(anonymous_8)
FN:75,(anonymous_9)
FN:82,(anonymous_10)
FN:88,(anonymous_11)
FN:95,(anonymous_12)
FN:99,(anonymous_13)
FN:125,(anonymous_14)
FN:133,(anonymous_15)
FN:139,(anonymous_16)
FN:141,(anonymous_17)
FN:143,(anonymous_18)
FN:145,(anonymous_19)
FN:147,(anonymous_20)
FN:150,(anonymous_21)
FN:151,(anonymous_22)
FNF:22
FNH:22
FNDA:41,(anonymous_1)
FNDA:41,(anonymous_2)
FNDA:2,(anonymous_3)
FNDA:4,(anonymous_4)
FNDA:77,Rolex
FNDA:88,(anonymous_6)
FNDA:6,(anonymous_7)
FNDA:6,(anonymous_8)
FNDA:3,(anonymous_9)
FNDA:42,(anonymous_10)
FNDA:297,(anonymous_11)
FNDA:58,(anonymous_12)
FNDA:126,(anonymous_13)
FNDA:21,(anonymous_14)
FNDA:179,(anonymous_15)
FNDA:77,(anonymous_16)
FNDA:9,(anonymous_17)
FNDA:302,(anonymous_18)
FNDA:390,(anonymous_19)
FNDA:232,(anonymous_20)
FNDA:5,(anonymous_21)
FNDA:1008,(anonymous_22)
DA:3,1
DA:5,1
DA:7,41
DA:8,41
DA:9,50
DA:12,41
DA:15,2
DA:18,4
DA:19,2
DA:21,2
DA:25,1
DA:26,77
DA:27,38
DA:30,39
DA:31,23
DA:32,23
DA:35,39
DA:42,39
DA:44,39
DA:46,39
DA:47,39
DA:48,39
DA:49,39
DA:50,39
DA:52,39
DA:55,1
DA:56,88
DA:66,6
DA:67,6
DA:68,6
DA:69,6
DA:72,6
DA:73,6
DA:76,3
DA:77,3
DA:78,3
DA:82,42
DA:89,297
DA:93,297
DA:95,58
DA:98,1
DA:100,126
DA:105,126
DA:106,19
DA:107,19
DA:108,19
DA:111,126
DA:112,126
DA:114,125
DA:115,64
DA:116,64
DA:117,63
DA:120,110
DA:122,110
DA:126,21
DA:127,21
DA:128,21
DA:130,21
DA:134,179
DA:135,174
DA:139,77
DA:141,9
DA:143,302
DA:145,390
DA:147,232
DA:150,1
DA:151,5
DA:152,1008
DA:153,1008
DA:154,760
DA:156,248
DA:157,245
DA:162,1
DA:164,1
LF:74
LH:74
BRDA:8,1,0,41
BRDA:8,1,1,13
BRDA:18,2,0,2
BRDA:18,2,1,2
BRDA:21,3,0,1
BRDA:21,3,1,1
BRDA:26,4,0,38
BRDA:26,4,1,39
BRDA:30,5,0,23
BRDA:30,5,1,16
BRDA:42,6,0,15
BRDA:42,6,1,24
BRDA:82,7,0,25
BRDA:82,7,1,17
BRDA:82,8,0,42
BRDA:82,8,1,34
BRDA:91,9,0,297
BRDA:91,9,1,59
BRDA:93,10,0,41
BRDA:93,10,1,256
BRDA:93,11,0,104
BRDA:93,11,1,152
BRDA:93,12,0,256
BRDA:93,12,1,108
BRDA:105,13,0,19
BRDA:105,13,1,107
BRDA:112,14,0,1
BRDA:112,14,1,125
BRDA:114,15,0,64
BRDA:114,15,1,61
BRDA:117,16,0,14
BRDA:117,16,1,49
BRDA:117,17,0,63
BRDA:117,17,1,61
BRDA:127,18,0,19
BRDA:127,18,1,2
BRDA:134,19,0,174
BRDA:134,19,1,5
BRDA:135,20,0,40
BRDA:135,20,1,134
BRDA:139,21,0,77
BRDA:139,21,1,77
BRDA:141,22,0,8
BRDA:141,22,1,1
BRDA:153,23,0,760
BRDA:153,23,1,248
BRF:46
BRH:46
end_of_record
