TN:
SF:/home/dan/stuff/rolex/lib/rolex.js
FN:6,(anonymous_1)
FN:7,(anonymous_2)
FN:14,(anonymous_3)
FN:17,(anonymous_4)
FN:25,Rolex
FN:56,(anonymous_6)
FN:65,(anonymous_7)
FN:71,(anonymous_8)
FN:75,(anonymous_9)
FN:82,(anonymous_10)
FN:88,(anonymous_11)
FN:95,(anonymous_12)
FN:99,(anonymous_13)
FN:125,(anonymous_14)
FN:133,(anonymous_15)
FN:139,(anonymous_16)
FN:141,(anonymous_17)
FN:143,(anonymous_18)
FN:145,(anonymous_19)
FN:147,(anonymous_20)
FN:150,(anonymous_21)
FN:151,(anonymous_22)
FNF:22
FNH:22
FNDA:42,(anonymous_1)
FNDA:42,(anonymous_2)
FNDA:3,(anonymous_3)
FNDA:4,(anonymous_4)
FNDA:79,Rolex
FNDA:90,(anonymous_6)
FNDA:6,(anonymous_7)
FNDA:6,(anonymous_8)
FNDA:3,(anonymous_9)
FNDA:43,(anonymous_10)
FNDA:302,(anonymous_11)
FNDA:59,(anonymous_12)
FNDA:135,(anonymous_13)
FNDA:22,(anonymous_14)
FNDA:188,(anonymous_15)
FNDA:77,(anonymous_16)
FNDA:9,(anonymous_17)
FNDA:311,(anonymous_18)
FNDA:408,(anonymous_19)
FNDA:241,(anonymous_20)
FNDA:5,(anonymous_21)
FNDA:1040,(anonymous_22)
DA:3,1
DA:5,1
DA:7,42
DA:8,42
DA:9,51
DA:12,42
DA:15,3
DA:18,4
DA:19,3
DA:21,1
DA:25,1
DA:26,79
DA:27,39
DA:30,40
DA:31,23
DA:32,23
DA:35,40
DA:42,40
DA:44,40
DA:46,40
DA:47,40
DA:48,40
DA:49,40
DA:50,40
DA:52,40
DA:55,1
DA:56,90
DA:66,6
DA:67,6
DA:68,6
DA:69,6
DA:72,6
DA:73,6
DA:76,3
DA:77,3
DA:78,3
DA:82,43
DA:89,302
DA:93,302
DA:95,59
DA:98,1
DA:100,135
DA:105,135
DA:106,20
DA:107,20
DA:108,20
DA:111,135
DA:112,135
DA:114,134
DA:115,64
DA:116,64
DA:117,63
DA:120,119
DA:122,119
DA:126,22
DA:127,22
DA:128,22
DA:130,22
DA:134,188
DA:135,183
DA:139,77
DA:141,9
DA:143,311
DA:145,408
DA:147,241
DA:150,1
DA:151,5
DA:152,1040
DA:153,1040
DA:154,787
DA:156,253
DA:157,250
DA:162,1
DA:164,1
LF:74
LH:74
BRDA:8,1,0,42
BRDA:8,1,1,13
BRDA:18,2,0,3
BRDA:18,2,1,1
BRDA:21,3,0,0
BRDA:21,3,1,1
BRDA:26,4,0,39
BRDA:26,4,1,40
BRDA:30,5,0,23
BRDA:30,5,1,17
BRDA:42,6,0,15
BRDA:42,6,1,25
BRDA:82,7,0,26
BRDA:82,7,1,17
BRDA:82,8,0,43
BRDA:82,8,1,35
BRDA:91,9,0,302
BRDA:91,9,1,60
BRDA:93,10,0,41
BRDA:93,10,1,261
BRDA:93,11,0,106
BRDA:93,11,1,155
BRDA:93,12,0,261
BRDA:93,12,1,110
BRDA:105,13,0,20
BRDA:105,13,1,115
BRDA:112,14,0,1
BRDA:112,14,1,134
BRDA:114,15,0,64
BRDA:114,15,1,70
BRDA:117,16,0,14
BRDA:117,16,1,49
BRDA:117,17,0,63
BRDA:117,17,1,61
BRDA:127,18,0,20
BRDA:127,18,1,2
BRDA:134,19,0,183
BRDA:134,19,1,5
BRDA:135,20,0,40
BRDA:135,20,1,143
BRDA:139,21,0,77
BRDA:139,21,1,77
BRDA:141,22,0,8
BRDA:141,22,1,1
BRDA:153,23,0,787
BRDA:153,23,1,253
BRF:46
BRH:45
end_of_record
